
> rest-express@1.0.0 dev
> tsx watch server/index.ts

AuthRouter carregado - rotas disponíveis:
- POST /register
- POST /login
- POST /test
- GET /user (verificação de autenticação)
[33mThe CJS build of Vite's Node API is deprecated. See https://vite.dev/guide/troubleshooting.html#vite-cjs-node-api-deprecated for more details.[39m
Registrando authRouter em /api/auth
Registrando userRouter em /api/users
Registrando adminRoutes em /api/admin
Registrando partnerRouter em /api/partners
Registrando doctorRouter em /api/doctors
Registrando notificationRouter em /api/notifications
Registrando checkoutTrackingRouter em /api
Registrando rotas públicas de médicos em /api/doctors
Registrando rotas públicas de serviços em /api/services
Registrando legalDocumentsRouter em /api/legal-documents
Conexão com o banco de dados testada com sucesso: 2025-06-11 16:44:04.483233+00
Session table checked/created successfully
1:44:05 PM [server] Servidor rodando na porta 3000
Configuração de email carregada. Serviço de email disponível.
=== ROTA /api/register INTERCEPTADA ===
Registro - dados recebidos: {
  email: 'testpatient1749660258352@example.com',
  username: 'testpatient1749660258352',
  password: 'Test123456!',
  fullName: 'Test Patient User',
  role: 'patient',
  acceptTerms: true,
  acceptPrivacy: true,
  acceptContract: true,
  acceptPartnerContract: true
}
Usuário criado com sucesso: { id: 82, email: 'testpatient1749660258352@example.com' }
Salvas 3 aceitações de documentos legais para usuário 82
Cookie options: {
  host: 'localhost:3000',
  isLocalhost: true,
  isProduction: false,
  secure: false,
  domain: undefined
}
=== ROTA /api/register INTERCEPTADA ===
Registro - dados recebidos: {
  email: 'testdoctor1749660260620@example.com',
  username: 'testdoctor1749660260620',
  password: 'Test123456!',
  fullName: 'Test Doctor User',
  role: 'doctor',
  acceptTerms: true,
  acceptPrivacy: true,
  acceptContract: true,
  acceptPartnerContract: true,
  licenseNumber: 'CRM1749660260620',
  specialization: 'Clínica Geral'
}
Usuário criado com sucesso: { id: 83, email: 'testdoctor1749660260620@example.com' }
Salvas 2 aceitações de documentos legais para usuário 83
Cookie options: {
  host: 'localhost:3000',
  isLocalhost: true,
  isProduction: false,
  secure: false,
  domain: undefined
}
=== ROTA /api/user INTERCEPTADA ===
=== ROTA /api/register INTERCEPTADA ===
Registro - dados recebidos: {
  email: 'testpartner1749660262504@example.com',
  username: 'testpartner1749660262504',
  password: 'Test123456!',
  fullName: 'Test Partner User',
  role: 'partner',
  acceptTerms: true,
  acceptPrivacy: true,
  acceptContract: true,
  acceptPartnerContract: true,
  businessName: 'Test Business 1749660262504',
  businessType: 'clinic'
}
Usuário criado com sucesso: { id: 84, email: 'testpartner1749660262504@example.com' }
Salvas 3 aceitações de documentos legais para usuário 84
Cookie options: {
  host: 'localhost:3000',
  isLocalhost: true,
  isProduction: false,
  secure: false,
  domain: undefined
}
