2025-05-28 11:18:36.975 [info] [main] Log level: Info
2025-05-28 11:18:36.975 [info] [main] Validating found git in: "git"
2025-05-28 11:18:36.976 [info] [main] Using git "2.47.2" from "git"
2025-05-28 11:18:36.976 [info] [Model][doInitialScan] Initial repository scan started
2025-05-28 11:18:36.976 [info] > git rev-parse --show-toplevel [30ms]
2025-05-28 11:18:36.976 [info] > git rev-parse --git-dir --git-common-dir [2ms]
2025-05-28 11:18:36.976 [info] [Model][openRepository] Opened repository (path): /home/runner/workspace
2025-05-28 11:18:36.976 [info] [Model][openRepository] Opened repository (real path): /home/runner/workspace
2025-05-28 11:18:36.976 [info] > git config --get commit.template [39ms]
2025-05-28 11:18:36.982 [info] > git for-each-ref --format=%(refname)%00%(upstream:short)%00%(objectname)%00%(upstream:track)%00%(upstream:remotename)%00%(upstream:remoteref) refs/heads/main refs/remotes/main [1ms]
2025-05-28 11:18:36.997 [info] > git status -z -uall [10ms]
2025-05-28 11:18:36.999 [info] > git rev-parse --show-toplevel [2ms]
2025-05-28 11:18:36.999 [info] > git for-each-ref --sort -committerdate --format %(refname)%00%(objectname)%00%(*objectname) [7ms]
2025-05-28 11:18:37.116 [info] > git for-each-ref --format=%(refname)%00%(upstream:short)%00%(objectname)%00%(upstream:track)%00%(upstream:remotename)%00%(upstream:remoteref) refs/heads/main refs/remotes/main [79ms]
2025-05-28 11:18:37.129 [info] > git config --get commit.template [76ms]
2025-05-28 11:18:37.129 [info] > git rev-parse --show-toplevel [80ms]
2025-05-28 11:18:37.341 [info] > git config --get --local branch.main.vscode-merge-base [218ms]
2025-05-28 11:18:37.342 [warning] [Git][config] git config failed: Failed to execute git
2025-05-28 11:18:37.362 [info] > git for-each-ref --format=%(refname)%00%(upstream:short)%00%(objectname)%00%(upstream:track)%00%(upstream:remotename)%00%(upstream:remoteref) refs/heads/main refs/remotes/main [213ms]
2025-05-28 11:18:37.371 [info] > git rev-parse --show-toplevel [227ms]
2025-05-28 11:18:37.375 [info] > git status -z -uall [8ms]
2025-05-28 11:18:37.376 [info] > git rev-parse --show-toplevel [1ms]
2025-05-28 11:18:37.376 [info] > git for-each-ref --sort -committerdate --format %(refname)%00%(objectname)%00%(*objectname) [5ms]
2025-05-28 11:18:37.385 [info] > git reflog main --grep-reflog=branch: Created from *. [39ms]
2025-05-28 11:18:37.389 [info] > git rev-parse --show-toplevel [4ms]
2025-05-28 11:18:37.389 [info] > git for-each-ref --format=%(refname)%00%(upstream:short)%00%(objectname)%00%(upstream:track)%00%(upstream:remotename)%00%(upstream:remoteref) refs/heads/main refs/remotes/main [8ms]
2025-05-28 11:18:37.395 [info] > git symbolic-ref --short refs/remotes/origin/HEAD [7ms]
2025-05-28 11:18:37.395 [info] fatal: ref refs/remotes/origin/HEAD is not a symbolic ref
2025-05-28 11:18:37.395 [warning] [Repository][getDefaultBranch] Failed to get default branch details: Failed to execute git.
2025-05-28 11:18:37.396 [info] > git rev-parse --show-toplevel [1ms]
2025-05-28 11:18:37.397 [info] > git config --get --local branch.main.vscode-merge-base [5ms]
2025-05-28 11:18:37.397 [warning] [Git][config] git config failed: Failed to execute git
2025-05-28 11:18:37.831 [info] > git rev-parse --show-toplevel [68ms]
2025-05-28 11:18:37.831 [info] > git reflog main --grep-reflog=branch: Created from *. [432ms]
2025-05-28 11:18:37.846 [info] > git rev-parse --show-toplevel [7ms]
2025-05-28 11:18:37.846 [info] > git symbolic-ref --short refs/remotes/origin/HEAD [11ms]
2025-05-28 11:18:37.846 [info] fatal: ref refs/remotes/origin/HEAD is not a symbolic ref
2025-05-28 11:18:37.846 [warning] [Repository][getDefaultBranch] Failed to get default branch details: Failed to execute git.
2025-05-28 11:18:38.103 [info] > git rev-parse --show-toplevel [252ms]
2025-05-28 11:18:38.110 [info] > git rev-parse --show-toplevel [2ms]
2025-05-28 11:18:38.115 [info] > git rev-parse --show-toplevel [2ms]
2025-05-28 11:18:38.117 [info] [Model][doInitialScan] Initial repository scan completed - repositories (1), closed repositories (0), parent repositories (0), unsafe repositories (0)
2025-05-28 11:18:38.137 [info] > git config --get commit.template [4ms]
2025-05-28 11:18:38.138 [info] > git for-each-ref --format=%(refname)%00%(upstream:short)%00%(objectname)%00%(upstream:track)%00%(upstream:remotename)%00%(upstream:remoteref) refs/heads/main refs/remotes/main [2ms]
2025-05-28 11:18:38.145 [info] > git status -z -uall [4ms]
2025-05-28 11:18:38.146 [info] > git for-each-ref --sort -committerdate --format %(refname)%00%(objectname)%00%(*objectname) [2ms]
