2025-05-28 10:27:39.660 [info] [main] Log level: Info
2025-05-28 10:27:39.660 [info] [main] Validating found git in: "git"
2025-05-28 10:27:39.660 [info] [main] Using git "2.47.2" from "git"
2025-05-28 10:27:39.660 [info] [Model][doInitialScan] Initial repository scan started
2025-05-28 10:27:39.660 [info] > git rev-parse --show-toplevel [1ms]
2025-05-28 10:27:39.660 [info] > git rev-parse --git-dir --git-common-dir [2ms]
2025-05-28 10:27:39.660 [info] [Model][openRepository] Opened repository (path): /home/runner/workspace
2025-05-28 10:27:39.660 [info] [Model][openRepository] Opened repository (real path): /home/runner/workspace
2025-05-28 10:27:39.660 [info] > git config --get commit.template [5ms]
2025-05-28 10:27:39.660 [info] > git for-each-ref --format=%(refname)%00%(upstream:short)%00%(objectname)%00%(upstream:track)%00%(upstream:remotename)%00%(upstream:remoteref) refs/heads/main refs/remotes/main [3ms]
2025-05-28 10:27:39.660 [info] > git status -z -uall [7ms]
2025-05-28 10:27:39.660 [info] > git rev-parse --show-toplevel [3ms]
2025-05-28 10:27:39.660 [info] > git for-each-ref --sort -committerdate --format %(refname)%00%(objectname)%00%(*objectname) [6ms]
2025-05-28 10:27:39.660 [info] > git for-each-ref --format=%(refname)%00%(upstream:short)%00%(objectname)%00%(upstream:track)%00%(upstream:remotename)%00%(upstream:remoteref) refs/heads/main refs/remotes/main [12ms]
2025-05-28 10:27:39.660 [info] > git config --get commit.template [5ms]
2025-05-28 10:27:39.660 [info] > git rev-parse --show-toplevel [11ms]
2025-05-28 10:27:39.660 [info] > git config --get --local branch.main.vscode-merge-base [2ms]
2025-05-28 10:27:39.660 [warning] [Git][config] git config failed: Failed to execute git
2025-05-28 10:27:39.660 [info] > git rev-parse --show-toplevel [5ms]
2025-05-28 10:27:39.660 [info] > git for-each-ref --format=%(refname)%00%(upstream:short)%00%(objectname)%00%(upstream:track)%00%(upstream:remotename)%00%(upstream:remoteref) refs/heads/main refs/remotes/main [4ms]
2025-05-28 10:27:39.660 [info] > git status -z -uall [5ms]
2025-05-28 10:27:39.660 [info] > git rev-parse --show-toplevel [8ms]
2025-05-28 10:27:39.660 [info] > git for-each-ref --sort -committerdate --format %(refname)%00%(objectname)%00%(*objectname) [4ms]
2025-05-28 10:27:39.660 [info] > git for-each-ref --format=%(refname)%00%(upstream:short)%00%(objectname)%00%(upstream:track)%00%(upstream:remotename)%00%(upstream:remoteref) refs/heads/main refs/remotes/main [9ms]
2025-05-28 10:27:39.660 [info] > git rev-parse --show-toplevel [16ms]
2025-05-28 10:27:39.660 [info] > git config --get --local branch.main.vscode-merge-base [3ms]
2025-05-28 10:27:39.660 [warning] [Git][config] git config failed: Failed to execute git
2025-05-28 10:27:39.660 [info] > git rev-parse --show-toplevel [4ms]
2025-05-28 10:27:39.660 [info] > git rev-parse --show-toplevel [2ms]
2025-05-28 10:27:39.660 [info] > git rev-parse --show-toplevel [1ms]
2025-05-28 10:27:39.660 [info] > git rev-parse --show-toplevel [2ms]
2025-05-28 10:27:39.660 [info] > git rev-parse --show-toplevel [1ms]
2025-05-28 10:27:39.660 [info] > git rev-parse --show-toplevel [4ms]
2025-05-28 10:27:39.660 [info] [Model][doInitialScan] Initial repository scan completed - repositories (1), closed repositories (0), parent repositories (0), unsafe repositories (0)
2025-05-28 10:27:39.660 [info] > git reflog main --grep-reflog=branch: Created from *. [51ms]
2025-05-28 10:27:39.660 [info] > git reflog main --grep-reflog=branch: Created from *. [99ms]
2025-05-28 10:27:39.660 [info] > git symbolic-ref --short refs/remotes/origin/HEAD [4ms]
2025-05-28 10:27:39.660 [info] fatal: ref refs/remotes/origin/HEAD is not a symbolic ref
2025-05-28 10:27:39.660 [warning] [Repository][getDefaultBranch] Failed to get default branch details: Failed to execute git.
2025-05-28 10:27:39.660 [info] > git symbolic-ref --short refs/remotes/origin/HEAD [3ms]
2025-05-28 10:27:39.660 [info] fatal: ref refs/remotes/origin/HEAD is not a symbolic ref
2025-05-28 10:27:39.660 [warning] [Repository][getDefaultBranch] Failed to get default branch details: Failed to execute git.
2025-05-28 10:27:40.312 [info] > git check-ignore -v -z --stdin [18ms]
2025-05-28 10:27:41.370 [info] > git config --get commit.template [45ms]
2025-05-28 10:27:41.379 [info] > git for-each-ref --format=%(refname)%00%(upstream:short)%00%(objectname)%00%(upstream:track)%00%(upstream:remotename)%00%(upstream:remoteref) refs/heads/main refs/remotes/main [2ms]
2025-05-28 10:27:41.395 [info] > git status -z -uall [12ms]
2025-05-28 10:27:41.723 [info] > git for-each-ref --sort -committerdate --format %(refname)%00%(objectname)%00%(*objectname) [333ms]
2025-05-28 10:27:41.795 [info] > git config --get commit.template [1ms]
2025-05-28 10:27:41.801 [info] > git for-each-ref --format=%(refname)%00%(upstream:short)%00%(objectname)%00%(upstream:track)%00%(upstream:remotename)%00%(upstream:remoteref) refs/heads/main refs/remotes/main [2ms]
2025-05-28 10:27:41.814 [info] > git status -z -uall [8ms]
2025-05-28 10:27:41.816 [info] > git for-each-ref --sort -committerdate --format %(refname)%00%(objectname)%00%(*objectname) [4ms]
2025-05-28 10:27:46.740 [info] > git config --get commit.template [4ms]
2025-05-28 10:27:46.740 [info] > git for-each-ref --format=%(refname)%00%(upstream:short)%00%(objectname)%00%(upstream:track)%00%(upstream:remotename)%00%(upstream:remoteref) refs/heads/main refs/remotes/main [1ms]
2025-05-28 10:27:46.748 [info] > git status -z -uall [4ms]
2025-05-28 10:27:46.749 [info] > git for-each-ref --sort -committerdate --format %(refname)%00%(objectname)%00%(*objectname) [1ms]
2025-05-28 10:27:51.767 [info] > git config --get commit.template [8ms]
2025-05-28 10:27:51.772 [info] > git for-each-ref --format=%(refname)%00%(upstream:short)%00%(objectname)%00%(upstream:track)%00%(upstream:remotename)%00%(upstream:remoteref) refs/heads/main refs/remotes/main [5ms]
2025-05-28 10:27:51.784 [info] > git status -z -uall [5ms]
2025-05-28 10:27:51.785 [info] > git for-each-ref --sort -committerdate --format %(refname)%00%(objectname)%00%(*objectname) [2ms]
2025-05-28 10:28:13.153 [info] > git check-ignore -v -z --stdin [2ms]
2025-05-28 10:28:13.163 [info] > git log --format=%H%n%aN%n%aE%n%at%n%ct%n%P%n%D%n%B -z --shortstat --diff-merges=first-parent -n50 --skip=0 --topo-order --decorate=full --stdin [528ms]
